[debug] ----------------------------------------------------------------------
[debug] Command:      node /usr/local/bin/firebase serve
[debug] CLI Version:  3.0.7
[debug] Platform:     linux
[debug] Node Version: v0.10.25
[debug] Time:         Wed Aug 24 2016 13:13:38 GMT+0200 (CEST)
[debug] ----------------------------------------------------------------------
[debug] 
[info] Starting Firebase development server...
[info] 
[info] Project Directory: /home/oussemaar/WebstormProjects/web
[info] Public Directory: public
[info] 
[info] Server listening at: http://localhost:5000
[debug] ----------------------------------------------------------------------
[debug] Command:      node /usr/local/bin/firebase serve
[debug] CLI Version:  3.0.7
[debug] Platform:     linux
[debug] Node Version: v0.10.25
[debug] Time:         Thu Aug 25 2016 13:05:58 GMT+0200 (CEST)
[debug] ----------------------------------------------------------------------
[debug] 
[info] Starting Firebase development server...
[info] 
[info] Project Directory: /home/oussemaar/WebstormProjects/web
[info] Public Directory: public
[info] 
[info] Server listening at: http://localhost:5000
[debug] ----------------------------------------------------------------------
[debug] Command:      node /usr/local/bin/firebase serve
[debug] CLI Version:  3.0.7
[debug] Platform:     linux
[debug] Node Version: v0.10.25
[debug] Time:         Thu Aug 25 2016 13:29:15 GMT+0200 (CEST)
[debug] ----------------------------------------------------------------------
[debug] 
[info] Starting Firebase development server...
[info] 
[info] Project Directory: /home/oussemaar/WebstormProjects/web
[info] Public Directory: public
[info] 
[info] Server listening at: http://localhost:5000
